<?xml version="1.0" encoding="UTF-8"?>
<!-- Generated by org.testng.reporters.JUnitXMLReporter -->
<testsuite ignored="2" hostname="WUST" failures="0" tests="1" name=" Logout Test" time="0.004" errors="0" timestamp="2023-03-01T18:35:48 EST">
  <testcase classname="testng_automation_code_mar_1st_2023.Logout" name="logoutTest" time="0.002"/>
  <testcase classname="testng_automation_code_mar_1st_2023.Logout" name="helloLogOut" time="0.0">
    <ignored/>
  </testcase> <!-- helloLogOut -->
  <testcase classname="testng_automation_code_mar_1st_2023.Logout" name="deLogoutTest" time="0.0">
    <ignored/>
  </testcase> <!-- deLogoutTest -->
</testsuite> <!--  Logout Test -->
