<?xml version="1.0" encoding="UTF-8"?>
<!-- Generated by org.testng.reporters.JUnitXMLReporter -->
<testsuite ignored="1" hostname="WUST" failures="0" tests="1" name=" Registration Test" time="0.038" errors="0" timestamp="2023-03-01T18:35:48 EST">
  <testcase classname="testng_automation_code_mar_1st_2023.Registration" name="registerTest" time="0.008"/>
  <testcase classname="testng_automation_code_mar_1st_2023.Registration" name="deRegisterTest" time="0.0">
    <ignored/>
  </testcase> <!-- deRegisterTest -->
</testsuite> <!--  Registration Test -->
