<?xml version="1.0" encoding="UTF-8"?>
<!-- Generated by org.testng.reporters.JUnitXMLReporter -->
<testsuite ignored="1" hostname="WUST" failures="0" tests="1" name=" Search Test" time="0.003" errors="0" timestamp="2023-03-01T18:35:48 EST">
  <testcase classname="testng_automation_code_mar_1st_2023.Search" name="searchTest" time="0.001"/>
  <testcase classname="testng_automation_code_mar_1st_2023.Search" name="deSearchTest" time="0.0">
    <ignored/>
  </testcase> <!-- deSearchTest -->
</testsuite> <!--  Search Test -->
