<?xml version="1.0" encoding="UTF-8"?>
<!-- Generated by org.testng.reporters.JUnitXMLReporter -->
<testsuite ignored="0" hostname="WUST" failures="0" tests="4" name="Test" time="0.043" errors="0" timestamp="2023-03-01T21:26:49 EST">
  <testcase classname="testng_prodenv.LoginProdTest" name="loginCriteria" time="0.006"/>
  <testcase classname="testng_prodenv.LogoutProdTest" name="logoutCriteria" time="0.001"/>
  <testcase classname="testng_prodenv.RegisterProdTest" name="registerCriteria" time="0.001"/>
  <testcase classname="testng_prodenv.ProdSearchProdTeast" name="prodSearchCriteria" time="0.001"/>
</testsuite> <!-- Test -->
