<?xml version="1.0" encoding="UTF-8"?>
<!-- Generated by org.testng.reporters.JUnitXMLReporter -->
<testsuite ignored="0" hostname="WUST" failures="0" tests="4" name="Test" time="0.007" errors="0" timestamp="2023-03-01T21:29:45 EST">
  <testcase classname="testng_uatenv.LogoutUatTest" name="logoutCriteria" time="0.001"/>
  <testcase classname="testng_uatenv.RegisterUatTest" name="registerCriteria" time="0.001"/>
  <testcase classname="testng_uatenv.LoginUatTest" name="loginCriteria" time="0.001"/>
  <testcase classname="testng_uatenv.ProdSearchUatTest" name="prodSearchCriteria" time="0.001"/>
</testsuite> <!-- Test -->
