<?xml version="1.0" encoding="UTF-8"?>
<!-- Generated by org.testng.reporters.JUnitXMLReporter -->
<testsuite ignored="0" hostname="WUST" failures="0" tests="4" name="Test" time="0.06" errors="0" timestamp="2023-03-01T21:29:45 EST">
  <testcase classname="testng_testenv.LogoutTest" name="logoutCriteria" time="0.012"/>
  <testcase classname="testng_testenv.RegisterTest" name="registerCriteria" time="0.002"/>
  <testcase classname="testng_testenv.LoginTest" name="loginCriteria" time="0.001"/>
  <testcase classname="testng_testenv.ProdSearchTeast" name="prodSearchCriteria" time="0.001"/>
</testsuite> <!-- Test -->
